<?xml version="1.0" encoding="UTF-8"?>
<!-- Generated by org.testng.reporters.JUnitXMLReporter -->
<testsuite ignored="1" hostname="LAPTOP-S7UJHO9I" failures="3" tests="12" name="Personal loan" time="0.193" errors="0" timestamp="2023-12-03T21:45:41 IST">
  <testcase classname="TestNgTutorial.day1" name="Demo" time="0.029">
    <failure type="java.lang.AssertionError" message="expected [true] but found [false]">
      <![CDATA[java.lang.AssertionError: expected [true] but found [false]
at TestNgTutorial.day1.Demo(day1.java:42)
at java.base/java.util.ArrayList.forEach(ArrayList.java:1511)
... Removed 31 stack frames]]>
    </failure>
  </testcase> <!-- Demo -->
  <testcase classname="TestNgTutorial.day1" name="SecondTest" time="0.003"/>
  <testcase classname="TestNgTutorial.day2" name="ploan" time="0.002"/>
  <testcase classname="TestNgTutorial.day3_DataProvider" name="MobileLogincarLoan" time="0.002"/>
  <testcase classname="TestNgTutorial.day3_DataProvider" name="MobilesignoutcarLoan" time="0.001"/>
  <testcase classname="TestNgTutorial.day3_DataProvider" name="MobilesignoutcarLoan" time="0.002"/>
  <testcase classname="TestNgTutorial.day3_DataProvider" name="MobilesignoutcarLoan" time="0.001"/>
  <testcase classname="TestNgTutorial.day3_DataProvider" name="WebloginCarLoan" time="0.0">
    <failure type="org.testng.TestNGException" message="
Parameter &amp;apos;URL&amp;apos; is required by @Test on method WebloginCarLoan but has not been marked @Optional or defined
in C:\Users\snnar\OneDrive\Desktop\MainTarget_UDYAMI\1. Main_EFirm\2. SDET\3. Selenium\AutomationRepository\SeleniumFrameworkDesign\testSuites\testng2.xml">
      <![CDATA[org.testng.TestNGException: 
Parameter 'URL' is required by @Test on method WebloginCarLoan but has not been marked @Optional or defined
in C:\Users\snnar\OneDrive\Desktop\MainTarget_UDYAMI\1. Main_EFirm\2. SDET\3. Selenium\AutomationRepository\SeleniumFrameworkDesign\testSuites\testng2.xml
at java.base/java.util.ArrayList.forEach(ArrayList.java:1511)
... Removed 26 stack frames]]>
    </failure>
  </testcase> <!-- WebloginCarLoan -->
  <testcase classname="TestNgTutorial.day3_DataProvider" name="APIcarLoan" time="0.0">
    <skipped/>
  </testcase> <!-- APIcarLoan -->
  <testcase classname="TestNgTutorial.day4" name="LoginAPIHomeLoan" time="0.005"/>
  <testcase classname="TestNgTutorial.day4" name="MobileLoginHomeLoan" time="0.002"/>
  <testcase classname="TestNgTutorial.day4" name="WebloginHomeLoan" time="0.0">
    <failure type="org.testng.TestNGException" message="
Parameter &amp;apos;URL&amp;apos; is required by @Test on method WebloginHomeLoan but has not been marked @Optional or defined
in C:\Users\snnar\OneDrive\Desktop\MainTarget_UDYAMI\1. Main_EFirm\2. SDET\3. Selenium\AutomationRepository\SeleniumFrameworkDesign\testSuites\testng2.xml">
      <![CDATA[org.testng.TestNGException: 
Parameter 'URL' is required by @Test on method WebloginHomeLoan but has not been marked @Optional or defined
in C:\Users\snnar\OneDrive\Desktop\MainTarget_UDYAMI\1. Main_EFirm\2. SDET\3. Selenium\AutomationRepository\SeleniumFrameworkDesign\testSuites\testng2.xml
at java.base/java.util.ArrayList.forEach(ArrayList.java:1511)
... Removed 26 stack frames]]>
    </failure>
  </testcase> <!-- WebloginHomeLoan -->
  <testcase classname="TestNgTutorial.day3_DataProvider" name="MobilesignimcarLoan" time="0.0">
    <ignored/>
  </testcase> <!-- MobilesignimcarLoan -->
</testsuite> <!-- Personal loan -->
